<?xml version="1.0" encoding="UTF-8"?>
<!-- Generated by org.testng.reporters.JUnitReportReporter -->
<testsuite skipped="1" hostname="IDP-PF1Y2CMV" name="assessmentputschemavalidation.PutIncidentSchemaValidation" tests="1" failures="0" timestamp="08 Nov 2022 14:15:19 GMT" time="0.000" errors="0">
  <testcase name="put" time="0.000" classname="assessmentputschemavalidation.PutIncidentSchemaValidation">
    <skipped/>
  </testcase> <!-- put -->
</testsuite> <!-- assessmentputschemavalidation.PutIncidentSchemaValidation -->
