<?xml version="1.0" encoding="UTF-8"?>
<!-- Generated by org.testng.reporters.JUnitReportReporter -->
<testsuite skipped="1" hostname="IDP-PF1Y2CMV" name="assessmentchaining.DeleteIncident" tests="1" failures="0" timestamp="08 Nov 2022 14:19:06 GMT" time="0.000" errors="0">
  <testcase name="delete" time="0.000" classname="assessmentchaining.DeleteIncident">
    <skipped/>
  </testcase> <!-- delete -->
</testsuite> <!-- assessmentchaining.DeleteIncident -->
